<?xml version="1.0" encoding="UTF-8"?>
<!-- Generated by org.testng.reporters.JUnitXMLReporter -->
<testsuite ignored="0" hostname="Neeraja-Laptop" failures="0" tests="2" name="Default test" time="18.103" errors="0" timestamp="2023-03-13T13:00:58 IST">
  <testcase classname="pageImplementationTestNG.LogicImplementationTestNG" name="Login" time="2.508"/>
  <testcase classname="pageImplementationTestNG.LogicImplementationTestNG" name="AddNewCustomer" time="4.934"/>
</testsuite> <!-- Default test -->
