<?xml version="1.0" encoding="UTF-8"?>
<testng-results ignored="0" total="2" passed="2" failed="0" skipped="0">
  <reporter-output>
  </reporter-output>
  <suite started-at="2023-03-13T13:00:40 IST" name="Default suite" finished-at="2023-03-13T13:00:58 IST" duration-ms="18103">
    <groups>
    </groups>
    <test started-at="2023-03-13T13:00:40 IST" name="Default test" finished-at="2023-03-13T13:00:58 IST" duration-ms="18103">
      <class name="pageImplementationTestNG.LogicImplementationTestNG">
        <test-method is-config="true" signature="beforeClass()[pri:0, instance:pageImplementationTestNG.LogicImplementationTestNG@6973b51b]" started-at="2023-03-13T13:00:40 IST" name="beforeClass" finished-at="2023-03-13T13:00:51 IST" duration-ms="10604" status="PASS">
          <reporter-output>
          </reporter-output>
        </test-method> <!-- beforeClass -->
        <test-method signature="Login()[pri:1, instance:pageImplementationTestNG.LogicImplementationTestNG@6973b51b]" started-at="2023-03-13T13:00:51 IST" name="Login" finished-at="2023-03-13T13:00:53 IST" duration-ms="2508" status="PASS">
          <reporter-output>
          </reporter-output>
        </test-method> <!-- Login -->
        <test-method signature="AddNewCustomer()[pri:2, instance:pageImplementationTestNG.LogicImplementationTestNG@6973b51b]" started-at="2023-03-13T13:00:53 IST" name="AddNewCustomer" finished-at="2023-03-13T13:00:58 IST" duration-ms="4934" status="PASS">
          <reporter-output>
          </reporter-output>
        </test-method> <!-- AddNewCustomer -->
      </class> <!-- pageImplementationTestNG.LogicImplementationTestNG -->
    </test> <!-- Default test -->
  </suite> <!-- Default suite -->
</testng-results>
